<?xml version="1.0" encoding="UTF-8"?>
<!-- Generated by org.testng.reporters.JUnitReportReporter -->
<testsuite hostname="PRAVEENREDDYN" failures="0" tests="4" name="HTTPRequests" time="5.799" errors="0" timestamp="2024-08-13T08:04:40 IST" skipped="0">
  <testcase classname="HTTPRequests" name="getUsers" time="3.317"/>
  <system-out/>
  <testcase classname="HTTPRequests" name="createUser" time="1.214"/>
  <system-out/>
  <testcase classname="HTTPRequests" name="updateUser" time="0.550"/>
  <system-out/>
  <testcase classname="HTTPRequests" name="deleteUser" time="0.718"/>
  <system-out/>
</testsuite> <!-- HTTPRequests -->
