<?xml version="1.0" encoding="UTF-8"?>
<!-- Generated by org.testng.reporters.JUnitReportReporter -->
<testsuite hostname="PRAVEENREDDYN" failures="0" tests="4" name="demo" time="5.020" errors="0" timestamp="2024-08-13T09:05:03 IST" skipped="0">
  <testcase classname="demo" name="getUsers" time="2.813"/>
  <system-out/>
  <testcase classname="demo" name="createUser" time="1.000"/>
  <system-out/>
  <testcase classname="demo" name="updateUser" time="0.614"/>
  <system-out/>
  <testcase classname="demo" name="deleteUser" time="0.593"/>
  <system-out/>
</testsuite> <!-- demo -->
